<?xml version="1.0" encoding="UTF-8"?>
<!-- Generated by org.testng.reporters.JUnitReportReporter -->
<testsuite name="apple.EmailMethods" tests="4" time="17.394" ignored="0" failures="0" timestamp="24 Feb 2017 04:16:25 GMT" skipped="0" hostname="prasanna" errors="0">
  <testcase name="method3" time="0.085" classname="apple.EmailMethods"/>
  <testcase name="method4" time="0.165" classname="apple.EmailMethods"/>
  <testcase name="method2" time="5.492" classname="apple.EmailMethods"/>
  <testcase name="method1" time="11.652" classname="apple.EmailMethods"/>
</testsuite> <!-- apple.EmailMethods -->
