<?xml version="1.0" encoding="UTF-8"?>
<!-- Generated by org.testng.reporters.JUnitReportReporter -->
<testsuite name="apple.GmailMethods" tests="4" time="30.004" ignored="0" failures="0" timestamp="12 Apr 2017 17:06:07 GMT" skipped="0" hostname="DESKTOP-5JI0NAQ" errors="0">
  <testcase name="g" time="5.591" classname="apple.GmailMethods"/>
  <testcase name="f" time="23.961" classname="apple.GmailMethods"/>
  <testcase name="i" time="0.343" classname="apple.GmailMethods"/>
  <testcase name="h" time="0.109" classname="apple.GmailMethods"/>
</testsuite> <!-- apple.GmailMethods -->
