<?xml version="1.0" encoding="UTF-8"?>
<!-- Generated by org.testng.reporters.JUnitReportReporter -->
<testsuite name="apple.GmailMethodsDatadriven" tests="4" time="28.672" ignored="0" failures="0" timestamp="24 Feb 2017 04:25:28 GMT" skipped="0" hostname="prasanna" errors="0">
  <testcase name="h" time="0.090" classname="apple.GmailMethodsDatadriven"/>
  <testcase name="i" time="0.141" classname="apple.GmailMethodsDatadriven"/>
  <testcase name="f" time="23.085" classname="apple.GmailMethodsDatadriven"/>
  <testcase name="g" time="5.356" classname="apple.GmailMethodsDatadriven"/>
</testsuite> <!-- apple.GmailMethodsDatadriven -->
